#
# There is insufficient memory for the Java Runtime Environment to continue.
# Native memory allocation (malloc) failed to allocate 1189936 bytes for Chunk::new
# Possible reasons:
#   The system is out of physical RAM or swap space
#   The process is running with CompressedOops enabled, and the Java Heap may be blocking the growth of the native heap
# Possible solutions:
#   Reduce memory load on the system
#   Increase physical memory or swap space
#   Check if swap backing store is full
#   Decrease Java heap size (-Xmx/-Xms)
#   Decrease number of Java threads
#   Decrease Java thread stack sizes (-Xss)
#   Set larger code cache with -XX:ReservedCodeCacheSize=
#   JVM is running with Zero Based Compressed Oops mode in which the Java heap is
#     placed in the first 32GB address space. The Java Heap base address is the
#     maximum limit for the native heap growth. Please use -XX:HeapBaseMinAddress
#     to set the Java Heap base and to place the Java Heap above 32GB virtual address.
# This output file may be truncated or incomplete.
#
#  Out of Memory Error (arena.cpp:168), pid=4284, tid=31428
#
# JRE version: Java(TM) SE Runtime Environment (21.0.5+9) (build 21.0.5+9-LTS-239)
# Java VM: Java HotSpot(TM) 64-Bit Server VM (21.0.5+9-LTS-239, mixed mode, sharing, tiered, compressed oops, compressed class ptrs, g1 gc, windows-amd64)
# No core dump will be written. Minidumps are not enabled by default on client versions of Windows
#

---------------  S U M M A R Y ------------

Command Line: -javaagent:C:\Program Files\JetBrains\IntelliJ IDEA Community Edition 2024.3\lib\idea_rt.jar=51103:C:\Program Files\JetBrains\IntelliJ IDEA Community Edition 2024.3\bin -Dfile.encoding=UTF-8 -Dsun.stdout.encoding=UTF-8 -Dsun.stderr.encoding=UTF-8 com.pofo.backend.BackendApplication

Host: 12th Gen Intel(R) Core(TM) i7-1260P, 16 cores, 15G,  Windows 11 , 64 bit Build 22621 (10.0.22621.4391)
Time: Fri Feb  7 20:50:26 2025  Windows 11 , 64 bit Build 22621 (10.0.22621.4391) elapsed time: 15.731695 seconds (0d 0h 0m 15s)

---------------  T H R E A D  ---------------

Current thread (0x0000022a66eb7f40):  JavaThread "C2 CompilerThread0" daemon [_thread_in_native, id=31428, stack(0x0000007925500000,0x0000007925600000) (1024K)]


Current CompileTask:
C2:  15731 8502       4       org.springframework.core.annotation.AnnotationsScanner::getDeclaredAnnotations (166 bytes)

Stack: [0x0000007925500000,0x0000007925600000]
Native frames: (J=compiled Java code, j=interpreted, Vv=VM code, C=native code)
V  [jvm.dll+0x6ca289]
V  [jvm.dll+0x854a51]
V  [jvm.dll+0x856f7e]
V  [jvm.dll+0x857653]
V  [jvm.dll+0x27dd26]
V  [jvm.dll+0xc4c2d]
V  [jvm.dll+0xc5163]
V  [jvm.dll+0x3b4d02]
V  [jvm.dll+0x3814b5]
V  [jvm.dll+0x38092a]
V  [jvm.dll+0x246910]
V  [jvm.dll+0x245eef]
V  [jvm.dll+0x1c6d0e]
V  [jvm.dll+0x2554d9]
V  [jvm.dll+0x253a6a]
V  [jvm.dll+0x3ee136]
V  [jvm.dll+0x7fee9b]
V  [jvm.dll+0x6c896d]
C  [ucrtbase.dll+0x29333]
C  [KERNEL32.DLL+0x1259d]
C  [ntdll.dll+0x5af38]


---------------  P R O C E S S  ---------------

Threads class SMR info:
_java_thread_list=0x0000022a700b0ad0, length=23, elements={
0x0000022a45590620, 0x0000022a66eae960, 0x0000022a66eaf870, 0x0000022a66eb1c20,
0x0000022a66eb2d00, 0x0000022a66eb5760, 0x0000022a66eb61b0, 0x0000022a66eb7f40,
0x0000022a66ec09e0, 0x0000022a672545c0, 0x0000022a672a31c0, 0x0000022a675221e0,
0x0000022a67522840, 0x0000022a67255a30, 0x0000022a6c5b0790, 0x0000022a6c5b0e20,
0x0000022a6c5b0100, 0x0000022a6c5b1b40, 0x0000022a6c5aed50, 0x0000022a6c5af3e0,
0x0000022a6c5afa70, 0x0000022a6e7801d0, 0x0000022a6e77e790
}

Java Threads: ( => current thread )
  0x0000022a45590620 JavaThread "main"                              [_thread_blocked, id=20684, stack(0x0000007924700000,0x0000007924800000) (1024K)]
  0x0000022a66eae960 JavaThread "Reference Handler"          daemon [_thread_blocked, id=11828, stack(0x0000007924f00000,0x0000007925000000) (1024K)]
  0x0000022a66eaf870 JavaThread "Finalizer"                  daemon [_thread_blocked, id=25016, stack(0x0000007925000000,0x0000007925100000) (1024K)]
  0x0000022a66eb1c20 JavaThread "Signal Dispatcher"          daemon [_thread_blocked, id=20504, stack(0x0000007925100000,0x0000007925200000) (1024K)]
  0x0000022a66eb2d00 JavaThread "Attach Listener"            daemon [_thread_blocked, id=28896, stack(0x0000007925200000,0x0000007925300000) (1024K)]
  0x0000022a66eb5760 JavaThread "Service Thread"             daemon [_thread_blocked, id=19804, stack(0x0000007925300000,0x0000007925400000) (1024K)]
  0x0000022a66eb61b0 JavaThread "Monitor Deflation Thread"   daemon [_thread_blocked, id=28828, stack(0x0000007925400000,0x0000007925500000) (1024K)]
=>0x0000022a66eb7f40 JavaThread "C2 CompilerThread0"         daemon [_thread_in_native, id=31428, stack(0x0000007925500000,0x0000007925600000) (1024K)]
  0x0000022a66ec09e0 JavaThread "C1 CompilerThread0"         daemon [_thread_blocked, id=20312, stack(0x0000007925600000,0x0000007925700000) (1024K)]
  0x0000022a672545c0 JavaThread "C1 CompilerThread1"         daemon [_thread_blocked, id=12044, stack(0x0000007925700000,0x0000007925800000) (1024K)]
  0x0000022a672a31c0 JavaThread "Common-Cleaner"             daemon [_thread_blocked, id=26820, stack(0x0000007925800000,0x0000007925900000) (1024K)]
  0x0000022a675221e0 JavaThread "Monitor Ctrl-Break"         daemon [_thread_in_native, id=14352, stack(0x0000007925b00000,0x0000007925c00000) (1024K)]
  0x0000022a67522840 JavaThread "Notification Thread"        daemon [_thread_blocked, id=19872, stack(0x0000007925c00000,0x0000007925d00000) (1024K)]
  0x0000022a67255a30 JavaThread "C1 CompilerThread2"         daemon [_thread_blocked, id=11272, stack(0x0000007925d00000,0x0000007925e00000) (1024K)]
  0x0000022a6c5b0790 JavaThread "Thread-0"                          [_thread_blocked, id=21508, stack(0x0000007926300000,0x0000007926400000) (1024K)]
  0x0000022a6c5b0e20 JavaThread "restartedMain"                     [_thread_in_vm, id=18508, stack(0x0000007926400000,0x0000007926500000) (1024K)]
  0x0000022a6c5b0100 JavaThread "Catalina-utility-1"                [_thread_blocked, id=26552, stack(0x0000007926700000,0x0000007926800000) (1024K)]
  0x0000022a6c5b1b40 JavaThread "Catalina-utility-2"                [_thread_blocked, id=10564, stack(0x0000007926800000,0x0000007926900000) (1024K)]
  0x0000022a6c5aed50 JavaThread "container-0"                       [_thread_blocked, id=18404, stack(0x0000007926900000,0x0000007926a00000) (1024K)]
  0x0000022a6c5af3e0 JavaThread "mysql-cj-abandoned-connection-cleanup" daemon [_thread_blocked, id=22332, stack(0x0000007927100000,0x0000007927200000) (1024K)]
  0x0000022a6c5afa70 JavaThread "HikariPool-1 housekeeper"   daemon [_thread_blocked, id=27200, stack(0x0000007927300000,0x0000007927400000) (1024K)]
  0x0000022a6e7801d0 JavaThread "HikariPool-1 connection adder" daemon [_thread_blocked, id=13944, stack(0x0000007927400000,0x0000007927500000) (1024K)]
  0x0000022a6e77e790 JavaThread "lettuce-timer-3-1"          daemon [_thread_blocked, id=9072, stack(0x0000007925900000,0x0000007925a00000) (1024K)]
Total: 23

Other Threads:
  0x0000022a66e957a0 VMThread "VM Thread"                           [id=30136, stack(0x0000007924e00000,0x0000007924f00000) (1024K)]
  0x0000022a66e84450 WatcherThread "VM Periodic Task Thread"        [id=25340, stack(0x0000007924d00000,0x0000007924e00000) (1024K)]
  0x0000022a455fa460 WorkerThread "GC Thread#0"                     [id=10848, stack(0x0000007924800000,0x0000007924900000) (1024K)]
  0x0000022a6c782b70 WorkerThread "GC Thread#1"                     [id=27132, stack(0x0000007925a00000,0x0000007925b00000) (1024K)]
  0x0000022a6c782f10 WorkerThread "GC Thread#2"                     [id=30960, stack(0x0000007925f00000,0x0000007926000000) (1024K)]
  0x0000022a6c7832b0 WorkerThread "GC Thread#3"                     [id=7948, stack(0x0000007926000000,0x0000007926100000) (1024K)]
  0x0000022a6c814450 WorkerThread "GC Thread#4"                     [id=28032, stack(0x0000007926100000,0x0000007926200000) (1024K)]
  0x0000022a6c814c00 WorkerThread "GC Thread#5"                     [id=21216, stack(0x0000007926200000,0x0000007926300000) (1024K)]
  0x0000022a6c984a00 WorkerThread "GC Thread#6"                     [id=4220, stack(0x0000007926500000,0x0000007926600000) (1024K)]
  0x0000022a6c942b40 WorkerThread "GC Thread#7"                     [id=28752, stack(0x0000007926600000,0x0000007926700000) (1024K)]
  0x0000022a6cac05c0 WorkerThread "GC Thread#8"                     [id=22124, stack(0x0000007926a00000,0x0000007926b00000) (1024K)]
  0x0000022a6cac17e0 WorkerThread "GC Thread#9"                     [id=22772, stack(0x0000007926b00000,0x0000007926c00000) (1024K)]
  0x0000022a6cabfe80 WorkerThread "GC Thread#10"                    [id=22760, stack(0x0000007926c00000,0x0000007926d00000) (1024K)]
  0x0000022a6cac1440 WorkerThread "GC Thread#11"                    [id=2056, stack(0x0000007926d00000,0x0000007926e00000) (1024K)]
  0x0000022a6d94f9e0 WorkerThread "GC Thread#12"                    [id=2592, stack(0x0000007926e00000,0x0000007926f00000) (1024K)]
  0x0000022a4560c9a0 ConcurrentGCThread "G1 Main Marker"            [id=4236, stack(0x0000007924900000,0x0000007924a00000) (1024K)]
  0x0000022a4560d4a0 WorkerThread "G1 Conc#0"                       [id=26668, stack(0x0000007924a00000,0x0000007924b00000) (1024K)]
  0x0000022a6d950fa0 WorkerThread "G1 Conc#1"                       [id=19548, stack(0x0000007926f00000,0x0000007927000000) (1024K)]
  0x0000022a6d950c00 WorkerThread "G1 Conc#2"                       [id=16924, stack(0x0000007927000000,0x0000007927100000) (1024K)]
  0x0000022a66d52410 ConcurrentGCThread "G1 Refine#0"               [id=29800, stack(0x0000007924b00000,0x0000007924c00000) (1024K)]
  0x0000022a66d52f80 ConcurrentGCThread "G1 Service"                [id=2280, stack(0x0000007924c00000,0x0000007924d00000) (1024K)]
Total: 21

Threads with active compile tasks:
C2 CompilerThread0    15762 8502       4       org.springframework.core.annotation.AnnotationsScanner::getDeclaredAnnotations (166 bytes)
Total: 1

VM state: not at safepoint (normal execution)

VM Mutex/Monitor currently owned by a thread: None

Heap address: 0x0000000704600000, size: 4026 MB, Compressed Oops mode: Zero based, Oop shift amount: 3

CDS archive(s) mapped at: [0x0000022a00000000-0x0000022a00c90000-0x0000022a00c90000), size 13172736, SharedBaseAddress: 0x0000022a00000000, ArchiveRelocationMode: 1.
Compressed class space mapped at: 0x0000022a01000000-0x0000022a41000000, reserved size: 1073741824
Narrow klass base: 0x0000022a00000000, Narrow klass shift: 0, Narrow klass range: 0x100000000

GC Precious Log:
 CardTable entry size: 512
 Card Set container configuration: InlinePtr #cards 4 size 8 Array Of Cards #cards 16 size 48 Howl #buckets 8 coarsen threshold 3686 Howl Bitmap #cards 512 size 80 coarsen threshold 460 Card regions per heap region 1 cards per card region 4096
 CPUs: 16 total, 16 available
 Memory: 16098M
 Large Page Support: Disabled
 NUMA Support: Disabled
 Compressed Oops: Enabled (Zero based)
 Heap Region Size: 2M
 Heap Min Capacity: 8M
 Heap Initial Capacity: 252M
 Heap Max Capacity: 4026M
 Pre-touch: Disabled
 Parallel Workers: 13
 Concurrent Workers: 3
 Concurrent Refinement Workers: 13
 Periodic GC: Disabled

Heap:
 garbage-first heap   total 79872K, used 49906K [0x0000000704600000, 0x0000000800000000)
  region size 2048K, 13 young (26624K), 3 survivors (6144K)
 Metaspace       used 79408K, committed 80128K, reserved 1179648K
  class space    used 10478K, committed 10816K, reserved 1048576K

Heap Regions: E=young(eden), S=young(survivor), O=old, HS=humongous(starts), HC=humongous(continues), CS=collection set, F=free, TAMS=top-at-mark-start, PB=parsable bottom
|   0|0x0000000704600000, 0x0000000704800000, 0x0000000704800000|100%| O|  |TAMS 0x0000000704600000| PB 0x0000000704600000| Untracked 
|   1|0x0000000704800000, 0x0000000704a00000, 0x0000000704a00000|100%| O|  |TAMS 0x0000000704800000| PB 0x0000000704800000| Untracked 
|   2|0x0000000704a00000, 0x0000000704a00000, 0x0000000704c00000|  0%| F|  |TAMS 0x0000000704a00000| PB 0x0000000704a00000| Untracked 
|   3|0x0000000704c00000, 0x0000000704e00000, 0x0000000704e00000|100%| O|  |TAMS 0x0000000704c00000| PB 0x0000000704c00000| Untracked 
|   4|0x0000000704e00000, 0x0000000705000000, 0x0000000705000000|100%| O|  |TAMS 0x0000000704e00000| PB 0x0000000704e00000| Untracked 
|   5|0x0000000705000000, 0x0000000705200000, 0x0000000705200000|100%| O|  |TAMS 0x0000000705000000| PB 0x0000000705000000| Untracked 
|   6|0x0000000705200000, 0x0000000705400000, 0x0000000705400000|100%| O|  |TAMS 0x0000000705200000| PB 0x0000000705200000| Untracked 
|   7|0x0000000705400000, 0x0000000705600000, 0x0000000705600000|100%| O|  |TAMS 0x0000000705400000| PB 0x0000000705400000| Untracked 
|   8|0x0000000705600000, 0x0000000705800000, 0x0000000705800000|100%| O|  |TAMS 0x0000000705600000| PB 0x0000000705600000| Untracked 
|   9|0x0000000705800000, 0x0000000705a00000, 0x0000000705a00000|100%| O|  |TAMS 0x0000000705800000| PB 0x0000000705800000| Untracked 
|  10|0x0000000705a00000, 0x0000000705c00000, 0x0000000705c00000|100%| O|  |TAMS 0x0000000705a00000| PB 0x0000000705a00000| Untracked 
|  11|0x0000000705c00000, 0x0000000705e00000, 0x0000000705e00000|100%| O|  |TAMS 0x0000000705c00000| PB 0x0000000705c00000| Untracked 
|  12|0x0000000705e00000, 0x0000000706000000, 0x0000000706000000|100%| O|  |TAMS 0x0000000705e00000| PB 0x0000000705e00000| Untracked 
|  13|0x0000000706000000, 0x0000000706200000, 0x0000000706200000|100%| O|  |TAMS 0x0000000706000000| PB 0x0000000706000000| Untracked 
|  14|0x0000000706200000, 0x000000070630e3a8, 0x0000000706400000| 52%| O|  |TAMS 0x0000000706200000| PB 0x0000000706200000| Untracked 
|  15|0x0000000706400000, 0x0000000706400000, 0x0000000706600000|  0%| F|  |TAMS 0x0000000706400000| PB 0x0000000706400000| Untracked 
|  16|0x0000000706600000, 0x00000007067ae700, 0x0000000706800000| 84%| S|CS|TAMS 0x0000000706600000| PB 0x0000000706600000| Complete 
|  17|0x0000000706800000, 0x0000000706800000, 0x0000000706a00000|  0%| F|  |TAMS 0x0000000706800000| PB 0x0000000706800000| Untracked 
|  18|0x0000000706a00000, 0x0000000706a00000, 0x0000000706c00000|  0%| F|  |TAMS 0x0000000706a00000| PB 0x0000000706a00000| Untracked 
|  19|0x0000000706c00000, 0x0000000706e00000, 0x0000000706e00000|100%| S|CS|TAMS 0x0000000706c00000| PB 0x0000000706c00000| Complete 
|  20|0x0000000706e00000, 0x0000000707000000, 0x0000000707000000|100%| S|CS|TAMS 0x0000000706e00000| PB 0x0000000706e00000| Complete 
|  21|0x0000000707000000, 0x0000000707000000, 0x0000000707200000|  0%| F|  |TAMS 0x0000000707000000| PB 0x0000000707000000| Untracked 
|  22|0x0000000707200000, 0x0000000707200000, 0x0000000707400000|  0%| F|  |TAMS 0x0000000707200000| PB 0x0000000707200000| Untracked 
|  23|0x0000000707400000, 0x0000000707400000, 0x0000000707600000|  0%| F|  |TAMS 0x0000000707400000| PB 0x0000000707400000| Untracked 
|  24|0x0000000707600000, 0x0000000707600000, 0x0000000707800000|  0%| F|  |TAMS 0x0000000707600000| PB 0x0000000707600000| Untracked 
|  25|0x0000000707800000, 0x0000000707800000, 0x0000000707a00000|  0%| F|  |TAMS 0x0000000707800000| PB 0x0000000707800000| Untracked 
|  26|0x0000000707a00000, 0x0000000707a00000, 0x0000000707c00000|  0%| F|  |TAMS 0x0000000707a00000| PB 0x0000000707a00000| Untracked 
|  27|0x0000000707c00000, 0x0000000707c00000, 0x0000000707e00000|  0%| F|  |TAMS 0x0000000707c00000| PB 0x0000000707c00000| Untracked 
|  28|0x0000000707e00000, 0x0000000707e00000, 0x0000000708000000|  0%| F|  |TAMS 0x0000000707e00000| PB 0x0000000707e00000| Untracked 
|  29|0x0000000708000000, 0x0000000708200000, 0x0000000708200000|100%| E|  |TAMS 0x0000000708000000| PB 0x0000000708000000| Complete 
|  30|0x0000000708200000, 0x0000000708400000, 0x0000000708400000|100%| E|CS|TAMS 0x0000000708200000| PB 0x0000000708200000| Complete 
|  31|0x0000000708400000, 0x0000000708600000, 0x0000000708600000|100%| E|CS|TAMS 0x0000000708400000| PB 0x0000000708400000| Complete 
|  32|0x0000000708600000, 0x0000000708800000, 0x0000000708800000|100%| E|  |TAMS 0x0000000708600000| PB 0x0000000708600000| Complete 
|  33|0x0000000708800000, 0x0000000708a00000, 0x0000000708a00000|100%| E|CS|TAMS 0x0000000708800000| PB 0x0000000708800000| Complete 
|  93|0x0000000710000000, 0x0000000710200000, 0x0000000710200000|100%| E|CS|TAMS 0x0000000710000000| PB 0x0000000710000000| Complete 
|  94|0x0000000710200000, 0x0000000710400000, 0x0000000710400000|100%| E|CS|TAMS 0x0000000710200000| PB 0x0000000710200000| Complete 
|  95|0x0000000710400000, 0x0000000710600000, 0x0000000710600000|100%| E|CS|TAMS 0x0000000710400000| PB 0x0000000710400000| Complete 
|  96|0x0000000710600000, 0x0000000710800000, 0x0000000710800000|100%| E|CS|TAMS 0x0000000710600000| PB 0x0000000710600000| Complete 
| 125|0x0000000714000000, 0x0000000714200000, 0x0000000714200000|100%| E|CS|TAMS 0x0000000714000000| PB 0x0000000714000000| Complete 

Card table byte_map: [0x0000022a5f980000,0x0000022a60160000] _byte_map_base: 0x0000022a5c15d000

Marking Bits: (CMBitMap*) 0x0000022a455fb370
 Bits: [0x0000022a60160000, 0x0000022a64048000)

Polling page: 0x0000022a45640000

Metaspace:

Usage:
  Non-class:     67.32 MB used.
      Class:     10.23 MB used.
       Both:     77.56 MB used.

Virtual space:
  Non-class space:      128.00 MB reserved,      67.69 MB ( 53%) committed,  2 nodes.
      Class space:        1.00 GB reserved,      10.56 MB (  1%) committed,  1 nodes.
             Both:        1.12 GB reserved,      78.25 MB (  7%) committed. 

Chunk freelists:
   Non-Class:  11.95 MB
       Class:  5.42 MB
        Both:  17.38 MB

MaxMetaspaceSize: unlimited
CompressedClassSpaceSize: 1.00 GB
Initial GC threshold: 21.00 MB
Current GC threshold: 98.44 MB
CDS: on
 - commit_granule_bytes: 65536.
 - commit_granule_words: 8192.
 - virtual_space_node_default_size: 8388608.
 - enlarge_chunks_in_place: 1.
 - use_allocation_guard: 0.


Internal statistics:

num_allocs_failed_limit: 15.
num_arena_births: 938.
num_arena_deaths: 0.
num_vsnodes_births: 3.
num_vsnodes_deaths: 0.
num_space_committed: 1251.
num_space_uncommitted: 0.
num_chunks_returned_to_freelist: 15.
num_chunks_taken_from_freelist: 3708.
num_chunk_merges: 6.
num_chunk_splits: 2715.
num_chunks_enlarged: 2143.
num_inconsistent_stats: 0.

CodeHeap 'non-profiled nmethods': size=119168Kb used=4393Kb max_used=4393Kb free=114774Kb
 bounds [0x0000022a56d70000, 0x0000022a571c0000, 0x0000022a5e1d0000]
CodeHeap 'profiled nmethods': size=119104Kb used=15338Kb max_used=15338Kb free=103765Kb
 bounds [0x0000022a4f1d0000, 0x0000022a500d0000, 0x0000022a56620000]
CodeHeap 'non-nmethods': size=7488Kb used=2885Kb max_used=3440Kb free=4602Kb
 bounds [0x0000022a56620000, 0x0000022a56980000, 0x0000022a56d70000]
 total_blobs=8594 nmethods=7822 adapters=673
 compilation: enabled
              stopped_count=0, restarted_count=0
 full_count=0

Compilation events (20 events):
Event: 15.721 Thread 0x0000022a66ec09e0 nmethod 8568 0x0000022a500af910 code [0x0000022a500afac0, 0x0000022a500afcc8]
Event: 15.721 Thread 0x0000022a672545c0 nmethod 8567 0x0000022a500afd90 code [0x0000022a500aff60, 0x0000022a500b0328]
Event: 15.722 Thread 0x0000022a672545c0 8569       3       com.fasterxml.jackson.databind.type.ClassKey::<init> (29 bytes)
Event: 15.722 Thread 0x0000022a672545c0 nmethod 8569 0x0000022a500b0490 code [0x0000022a500b0660, 0x0000022a500b09d0]
Event: 15.724 Thread 0x0000022a672545c0 8570       3       java.util.concurrent.ConcurrentHashMap$KeySetView::remove (17 bytes)
Event: 15.724 Thread 0x0000022a672545c0 nmethod 8570 0x0000022a500b0b10 code [0x0000022a500b0cc0, 0x0000022a500b0ee8]
Event: 15.725 Thread 0x0000022a67255a30 8571       3       org.springframework.beans.factory.support.AbstractBeanFactory::isTypeMatch (10 bytes)
Event: 15.726 Thread 0x0000022a67255a30 nmethod 8571 0x0000022a500b1010 code [0x0000022a500b11e0, 0x0000022a500b1678]
Event: 15.726 Thread 0x0000022a66ec09e0 8572       3       java.lang.invoke.LambdaFormBuffer::replaceParameterByCopy (38 bytes)
Event: 15.726 Thread 0x0000022a672545c0 8573       3       java.lang.invoke.LambdaFormBuffer::noteDuplicate (115 bytes)
Event: 15.727 Thread 0x0000022a66ec09e0 nmethod 8572 0x0000022a500b1810 code [0x0000022a500b19c0, 0x0000022a500b1bb0]
Event: 15.727 Thread 0x0000022a66ec09e0 8574       1       java.lang.invoke.MethodHandleImpl$IntrinsicMethodHandle::intrinsicName (5 bytes)
Event: 15.727 Thread 0x0000022a66ec09e0 nmethod 8574 0x0000022a571b9490 code [0x0000022a571b9620, 0x0000022a571b96f0]
Event: 15.727 Thread 0x0000022a672545c0 nmethod 8573 0x0000022a500b1d10 code [0x0000022a500b1f20, 0x0000022a500b27a8]
Event: 15.728 Thread 0x0000022a672545c0 8575       3       org.springframework.aop.aspectj.AspectJExpressionPointcut::getClassFilter (6 bytes)
Event: 15.728 Thread 0x0000022a66ec09e0 8576       3       org.springframework.aop.aspectj.AspectJExpressionPointcut::checkExpression (18 bytes)
Event: 15.728 Thread 0x0000022a67255a30 8577   !   3       org.springframework.aop.aspectj.AspectJExpressionPointcut::matches (121 bytes)
Event: 15.728 Thread 0x0000022a672545c0 nmethod 8575 0x0000022a500b2a90 code [0x0000022a500b2c40, 0x0000022a500b2f48]
Event: 15.728 Thread 0x0000022a66ec09e0 nmethod 8576 0x0000022a500b3090 code [0x0000022a500b3240, 0x0000022a500b34e8]
Event: 15.729 Thread 0x0000022a67255a30 nmethod 8577 0x0000022a500b3610 code [0x0000022a500b38c0, 0x0000022a500b4438]

GC Heap History (20 events):
Event: 2.449 GC heap before
{Heap before GC invocations=1 (full 0):
 garbage-first heap   total 258048K, used 29304K [0x0000000704600000, 0x0000000800000000)
  region size 2048K, 13 young (26624K), 2 survivors (4096K)
 Metaspace       used 9802K, committed 10112K, reserved 1114112K
  class space    used 1156K, committed 1280K, reserved 1048576K
}
Event: 2.456 GC heap after
{Heap after GC invocations=2 (full 0):
 garbage-first heap   total 258048K, used 11309K [0x0000000704600000, 0x0000000800000000)
  region size 2048K, 1 young (2048K), 1 survivors (2048K)
 Metaspace       used 9802K, committed 10112K, reserved 1114112K
  class space    used 1156K, committed 1280K, reserved 1048576K
}
Event: 4.446 GC heap before
{Heap before GC invocations=2 (full 0):
 garbage-first heap   total 258048K, used 66605K [0x0000000704600000, 0x0000000800000000)
  region size 2048K, 29 young (59392K), 1 survivors (2048K)
 Metaspace       used 21173K, committed 21504K, reserved 1114112K
  class space    used 2589K, committed 2752K, reserved 1048576K
}
Event: 4.456 GC heap after
{Heap after GC invocations=3 (full 0):
 garbage-first heap   total 258048K, used 15710K [0x0000000704600000, 0x0000000800000000)
  region size 2048K, 4 young (8192K), 4 survivors (8192K)
 Metaspace       used 21173K, committed 21504K, reserved 1114112K
  class space    used 2589K, committed 2752K, reserved 1048576K
}
Event: 6.648 GC heap before
{Heap before GC invocations=4 (full 0):
 garbage-first heap   total 69632K, used 64862K [0x0000000704600000, 0x0000000800000000)
  region size 2048K, 29 young (59392K), 4 survivors (8192K)
 Metaspace       used 28061K, committed 28416K, reserved 1114112K
  class space    used 3513K, committed 3648K, reserved 1048576K
}
Event: 6.659 GC heap after
{Heap after GC invocations=5 (full 0):
 garbage-first heap   total 79872K, used 19688K [0x0000000704600000, 0x0000000800000000)
  region size 2048K, 5 young (10240K), 5 survivors (10240K)
 Metaspace       used 28061K, committed 28416K, reserved 1114112K
  class space    used 3513K, committed 3648K, reserved 1048576K
}
Event: 8.153 GC heap before
{Heap before GC invocations=5 (full 0):
 garbage-first heap   total 79872K, used 56552K [0x0000000704600000, 0x0000000800000000)
  region size 2048K, 23 young (47104K), 5 survivors (10240K)
 Metaspace       used 32635K, committed 33152K, reserved 1114112K
  class space    used 4173K, committed 4416K, reserved 1048576K
}
Event: 8.162 GC heap after
{Heap after GC invocations=6 (full 0):
 garbage-first heap   total 79872K, used 22259K [0x0000000704600000, 0x0000000800000000)
  region size 2048K, 2 young (4096K), 2 survivors (4096K)
 Metaspace       used 32635K, committed 33152K, reserved 1114112K
  class space    used 4173K, committed 4416K, reserved 1048576K
}
Event: 8.548 GC heap before
{Heap before GC invocations=6 (full 0):
 garbage-first heap   total 79872K, used 34547K [0x0000000704600000, 0x0000000800000000)
  region size 2048K, 9 young (18432K), 2 survivors (4096K)
 Metaspace       used 35628K, committed 36096K, reserved 1114112K
  class space    used 4525K, committed 4736K, reserved 1048576K
}
Event: 8.552 GC heap after
{Heap after GC invocations=7 (full 0):
 garbage-first heap   total 79872K, used 22702K [0x0000000704600000, 0x0000000800000000)
  region size 2048K, 2 young (4096K), 2 survivors (4096K)
 Metaspace       used 35628K, committed 36096K, reserved 1114112K
  class space    used 4525K, committed 4736K, reserved 1048576K
}
Event: 9.725 GC heap before
{Heap before GC invocations=8 (full 0):
 garbage-first heap   total 79872K, used 63662K [0x0000000704600000, 0x0000000800000000)
  region size 2048K, 22 young (45056K), 2 survivors (4096K)
 Metaspace       used 42306K, committed 42816K, reserved 1114112K
  class space    used 5421K, committed 5632K, reserved 1048576K
}
Event: 9.729 GC heap after
{Heap after GC invocations=9 (full 0):
 garbage-first heap   total 79872K, used 25469K [0x0000000704600000, 0x0000000800000000)
  region size 2048K, 2 young (4096K), 2 survivors (4096K)
 Metaspace       used 42306K, committed 42816K, reserved 1114112K
  class space    used 5421K, committed 5632K, reserved 1048576K
}
Event: 11.321 GC heap before
{Heap before GC invocations=9 (full 0):
 garbage-first heap   total 79872K, used 66429K [0x0000000704600000, 0x0000000800000000)
  region size 2048K, 22 young (45056K), 2 survivors (4096K)
 Metaspace       used 56045K, committed 56640K, reserved 1114112K
  class space    used 7247K, committed 7552K, reserved 1048576K
}
Event: 11.327 GC heap after
{Heap after GC invocations=10 (full 0):
 garbage-first heap   total 79872K, used 28086K [0x0000000704600000, 0x0000000800000000)
  region size 2048K, 3 young (6144K), 3 survivors (6144K)
 Metaspace       used 56045K, committed 56640K, reserved 1114112K
  class space    used 7247K, committed 7552K, reserved 1048576K
}
Event: 11.950 GC heap before
{Heap before GC invocations=10 (full 0):
 garbage-first heap   total 79872K, used 48566K [0x0000000704600000, 0x0000000800000000)
  region size 2048K, 14 young (28672K), 3 survivors (6144K)
 Metaspace       used 59679K, committed 60288K, reserved 1114112K
  class space    used 7672K, committed 8000K, reserved 1048576K
}
Event: 11.956 GC heap after
{Heap after GC invocations=11 (full 0):
 garbage-first heap   total 79872K, used 30336K [0x0000000704600000, 0x0000000800000000)
  region size 2048K, 2 young (4096K), 2 survivors (4096K)
 Metaspace       used 59679K, committed 60288K, reserved 1114112K
  class space    used 7672K, committed 8000K, reserved 1048576K
}
Event: 12.843 GC heap before
{Heap before GC invocations=12 (full 0):
 garbage-first heap   total 79872K, used 67200K [0x0000000704600000, 0x0000000800000000)
  region size 2048K, 20 young (40960K), 2 survivors (4096K)
 Metaspace       used 66328K, committed 66944K, reserved 1114112K
  class space    used 8729K, committed 9024K, reserved 1048576K
}
Event: 12.846 GC heap after
{Heap after GC invocations=13 (full 0):
 garbage-first heap   total 79872K, used 30975K [0x0000000704600000, 0x0000000800000000)
  region size 2048K, 2 young (4096K), 2 survivors (4096K)
 Metaspace       used 66328K, committed 66944K, reserved 1114112K
  class space    used 8729K, committed 9024K, reserved 1048576K
}
Event: 15.013 GC heap before
{Heap before GC invocations=13 (full 0):
 garbage-first heap   total 79872K, used 65791K [0x0000000704600000, 0x0000000800000000)
  region size 2048K, 20 young (40960K), 2 survivors (4096K)
 Metaspace       used 73758K, committed 74496K, reserved 1114112K
  class space    used 9700K, committed 10048K, reserved 1048576K
}
Event: 15.025 GC heap after
{Heap after GC invocations=14 (full 0):
 garbage-first heap   total 79872K, used 33522K [0x0000000704600000, 0x0000000800000000)
  region size 2048K, 3 young (6144K), 3 survivors (6144K)
 Metaspace       used 73758K, committed 74496K, reserved 1114112K
  class space    used 9700K, committed 10048K, reserved 1048576K
}

Dll operation events (14 events):
Event: 0.035 Loaded shared library C:\Program Files\Java\jdk-21\bin\java.dll
Event: 0.109 Loaded shared library C:\Program Files\Java\jdk-21\bin\jsvml.dll
Event: 0.355 Loaded shared library C:\Program Files\Java\jdk-21\bin\zip.dll
Event: 0.368 Loaded shared library C:\Program Files\Java\jdk-21\bin\instrument.dll
Event: 0.383 Loaded shared library C:\Program Files\Java\jdk-21\bin\net.dll
Event: 0.390 Loaded shared library C:\Program Files\Java\jdk-21\bin\nio.dll
Event: 0.394 Loaded shared library C:\Program Files\Java\jdk-21\bin\zip.dll
Event: 0.592 Loaded shared library C:\Program Files\JetBrains\IntelliJ IDEA Community Edition 2024.3\bin\breakgen64.dll
Event: 0.611 Loaded shared library C:\Program Files\Java\jdk-21\bin\extnet.dll
Event: 0.687 Loaded shared library C:\Program Files\Java\jdk-21\bin\jimage.dll
Event: 1.326 Loaded shared library C:\Program Files\Java\jdk-21\bin\management.dll
Event: 1.331 Loaded shared library C:\Program Files\Java\jdk-21\bin\management_ext.dll
Event: 4.734 Loaded shared library C:\Program Files\Java\jdk-21\bin\sunmscapi.dll
Event: 9.897 Loaded shared library C:\Program Files\Java\jdk-21\bin\verify.dll

Deoptimization events (20 events):
Event: 15.054 Thread 0x0000022a6c5b0e20 Uncommon trap: trap_request=0xffffffc6 fr.pc=0x0000022a570bd65c relative=0x0000000000000a9c
Event: 15.054 Thread 0x0000022a6c5b0e20 Uncommon trap: reason=bimorphic_or_optimized_type_check action=maybe_recompile pc=0x0000022a570bd65c method=java.util.regex.Matcher.search(I)Z @ 121 c2
Event: 15.054 Thread 0x0000022a6c5b0e20 DEOPT PACKING pc=0x0000022a570bd65c sp=0x00000079264fcf30
Event: 15.054 Thread 0x0000022a6c5b0e20 DEOPT UNPACKING pc=0x0000022a566746a2 sp=0x00000079264fcf20 mode 2
Event: 15.054 Thread 0x0000022a6c5b0e20 Uncommon trap: trap_request=0xffffffc6 fr.pc=0x0000022a570bd65c relative=0x0000000000000a9c
Event: 15.054 Thread 0x0000022a6c5b0e20 Uncommon trap: reason=bimorphic_or_optimized_type_check action=maybe_recompile pc=0x0000022a570bd65c method=java.util.regex.Matcher.search(I)Z @ 121 c2
Event: 15.054 Thread 0x0000022a6c5b0e20 DEOPT PACKING pc=0x0000022a570bd65c sp=0x00000079264fcf30
Event: 15.054 Thread 0x0000022a6c5b0e20 DEOPT UNPACKING pc=0x0000022a566746a2 sp=0x00000079264fcf20 mode 2
Event: 15.192 Thread 0x0000022a6c5b0e20 Uncommon trap: trap_request=0xffffff45 fr.pc=0x0000022a56f3fc04 relative=0x0000000000000464
Event: 15.192 Thread 0x0000022a6c5b0e20 Uncommon trap: reason=unstable_if action=reinterpret pc=0x0000022a56f3fc04 method=sun.reflect.annotation.AnnotationInvocationHandler.invoke(Ljava/lang/Object;Ljava/lang/reflect/Method;[Ljava/lang/Object;)Ljava/lang/Object; @ 76 c2
Event: 15.192 Thread 0x0000022a6c5b0e20 DEOPT PACKING pc=0x0000022a56f3fc04 sp=0x00000079264fcf30
Event: 15.192 Thread 0x0000022a6c5b0e20 DEOPT UNPACKING pc=0x0000022a566746a2 sp=0x00000079264fced8 mode 2
Event: 15.315 Thread 0x0000022a6c5b0e20 Uncommon trap: trap_request=0xffffff45 fr.pc=0x0000022a5713e6d4 relative=0x0000000000000594
Event: 15.315 Thread 0x0000022a6c5b0e20 Uncommon trap: reason=unstable_if action=reinterpret pc=0x0000022a5713e6d4 method=java.util.EnumSet.noneOf(Ljava/lang/Class;)Ljava/util/EnumSet; @ 40 c2
Event: 15.315 Thread 0x0000022a6c5b0e20 DEOPT PACKING pc=0x0000022a5713e6d4 sp=0x00000079264fb4b0
Event: 15.315 Thread 0x0000022a6c5b0e20 DEOPT UNPACKING pc=0x0000022a566746a2 sp=0x00000079264fb4a0 mode 2
Event: 15.476 Thread 0x0000022a6c5b0e20 Uncommon trap: trap_request=0xffffff45 fr.pc=0x0000022a56ebe4b0 relative=0x0000000000000110
Event: 15.476 Thread 0x0000022a6c5b0e20 Uncommon trap: reason=unstable_if action=reinterpret pc=0x0000022a56ebe4b0 method=java.lang.reflect.AccessibleObject.checkAccess(Ljava/lang/Class;Ljava/lang/Class;Ljava/lang/Class;I)V @ 9 c2
Event: 15.476 Thread 0x0000022a6c5b0e20 DEOPT PACKING pc=0x0000022a56ebe4b0 sp=0x00000079264fadc0
Event: 15.476 Thread 0x0000022a6c5b0e20 DEOPT UNPACKING pc=0x0000022a566746a2 sp=0x00000079264fad70 mode 2

Classes loaded (20 events):
Event: 15.471 Loading class sun/misc/Unsafe
Event: 15.472 Loading class sun/misc/Unsafe done
Event: 15.477 Loading class java/nio/ShortBuffer
Event: 15.477 Loading class java/nio/ShortBuffer done
Event: 15.477 Loading class java/nio/FloatBuffer
Event: 15.477 Loading class java/nio/FloatBuffer done
Event: 15.477 Loading class java/nio/DoubleBuffer
Event: 15.478 Loading class java/nio/DoubleBuffer done
Event: 15.514 Loading class java/util/concurrent/Executors$DelegatedScheduledExecutorService
Event: 15.514 Loading class java/util/concurrent/Executors$DelegatedScheduledExecutorService done
Event: 15.517 Loading class jdk/jfr/Event
Event: 15.517 Loading class jdk/jfr/Event done
Event: 15.535 Loading class java/util/concurrent/locks/AbstractQueuedSynchronizer$SharedNode
Event: 15.535 Loading class java/util/concurrent/locks/AbstractQueuedSynchronizer$SharedNode done
Event: 15.631 Loading class java/util/WeakHashMap$EntrySet
Event: 15.631 Loading class java/util/WeakHashMap$EntrySet done
Event: 15.631 Loading class java/util/WeakHashMap$EntryIterator
Event: 15.631 Loading class java/util/WeakHashMap$HashIterator
Event: 15.631 Loading class java/util/WeakHashMap$HashIterator done
Event: 15.631 Loading class java/util/WeakHashMap$EntryIterator done

Classes unloaded (0 events):
No events

Classes redefined (0 events):
No events

Internal exceptions (20 events):
Event: 13.043 Thread 0x0000022a6c5b0e20 Exception <a 'java/lang/NoSuchMethodError'{0x0000000710106ed0}: 'java.lang.Object java.lang.invoke.DirectMethodHandle$Holder.newInvokeSpecial(java.lang.Object, java.lang.Object, java.lang.Object, java.lang.Object, java.lang.Object, java.lang.Object, java.lang.Object, java.lang.Object, java.lang.Object, java.lang.Object, java.lang.Object, java.lang.Object)'> (0x0000000710106ed0) 
thrown [s\open\src\hotspot\share\interpreter\linkResolver.cpp, line 773]
Event: 13.043 Thread 0x0000022a6c5b0e20 Exception <a 'java/lang/NoSuchMethodError'{0x000000071010b778}: 'java.lang.Object java.lang.invoke.DirectMethodHandle$Holder.invokeSpecial(java.lang.Object, java.lang.Object, java.lang.Object, java.lang.Object, java.lang.Object, java.lang.Object, java.lang.Object, java.lang.Object, java.lang.Object, java.lang.Object, java.lang.Object, java.lang.Object, java.lang.Object)'> (0x000000071010b778) 
thrown [s\open\src\hotspot\share\interpreter\linkResolver.cpp, line 773]
Event: 13.043 Thread 0x0000022a6c5b0e20 Exception <a 'java/lang/NoSuchMethodError'{0x000000071010fc60}: 'java.lang.Object java.lang.invoke.Invokers$Holder.linkToTargetMethod(java.lang.Object, java.lang.Object, java.lang.Object, java.lang.Object, java.lang.Object, java.lang.Object, java.lang.Object, java.lang.Object, java.lang.Object, java.lang.Object, java.lang.Object, java.lang.Object)'> (0x000000071010fc60) 
thrown [s\open\src\hotspot\share\interpreter\linkResolver.cpp, line 773]
Event: 13.105 Thread 0x0000022a6c5b0e20 Exception <a 'java/lang/IncompatibleClassChangeError'{0x00000007088d4478}: Found class java.lang.Object, but interface was expected> (0x00000007088d4478) 
thrown [s\open\src\hotspot\share\interpreter\linkResolver.cpp, line 840]
Event: 13.120 Thread 0x0000022a6c5b0e20 Exception <a 'java/lang/NoSuchMethodError'{0x000000070894d1f0}: 'java.lang.Object java.lang.invoke.DirectMethodHandle$Holder.newInvokeSpecial(java.lang.Object, java.lang.Object, int, java.lang.Object, int, java.lang.Object, java.lang.Object)'> (0x000000070894d1f0) 
thrown [s\open\src\hotspot\share\interpreter\linkResolver.cpp, line 773]
Event: 13.129 Thread 0x0000022a6c5b0e20 Exception <a 'java/lang/NoSuchMethodError'{0x000000070899bd50}: 'java.lang.Object java.lang.invoke.DirectMethodHandle$Holder.newInvokeSpecial(java.lang.Object, java.lang.Object, java.lang.Object, java.lang.Object, java.lang.Object, java.lang.Object, java.lang.Object, int)'> (0x000000070899bd50) 
thrown [s\open\src\hotspot\share\interpreter\linkResolver.cpp, line 773]
Event: 13.130 Thread 0x0000022a6c5b0e20 Exception <a 'java/lang/NoSuchMethodError'{0x00000007089a0528}: 'java.lang.Object java.lang.invoke.DirectMethodHandle$Holder.invokeSpecial(java.lang.Object, java.lang.Object, java.lang.Object, java.lang.Object, java.lang.Object, java.lang.Object, java.lang.Object, java.lang.Object, int)'> (0x00000007089a0528) 
thrown [s\open\src\hotspot\share\interpreter\linkResolver.cpp, line 773]
Event: 13.130 Thread 0x0000022a6c5b0e20 Exception <a 'java/lang/NoSuchMethodError'{0x00000007089a4508}: 'java.lang.Object java.lang.invoke.Invokers$Holder.linkToTargetMethod(java.lang.Object, java.lang.Object, java.lang.Object, java.lang.Object, java.lang.Object, java.lang.Object, int, java.lang.Object)'> (0x00000007089a4508) 
thrown [s\open\src\hotspot\share\interpreter\linkResolver.cpp, line 773]
Event: 13.187 Thread 0x0000022a6c5b0e20 Exception <a 'java/lang/NoSuchMethodError'{0x0000000708756a00}: 'void java.lang.invoke.DirectMethodHandle$Holder.invokeInterface(java.lang.Object, java.lang.Object)'> (0x0000000708756a00) 
thrown [s\open\src\hotspot\share\interpreter\linkResolver.cpp, line 773]
Event: 13.459 Thread 0x0000022a6c5b0e20 Exception <a 'java/lang/NoSuchMethodError'{0x0000000708127030}: 'java.lang.Object java.lang.invoke.DirectMethodHandle$Holder.invokeSpecial(java.lang.Object, java.lang.Object, int, java.lang.Object, int)'> (0x0000000708127030) 
thrown [s\open\src\hotspot\share\interpreter\linkResolver.cpp, line 773]
Event: 14.556 Thread 0x0000022a6c5b0e20 Exception <a 'java/lang/NoSuchMethodError'{0x0000000707c84d38}: 'void java.lang.invoke.Invokers$Holder.invokeExact_MT(java.lang.Object, java.lang.Object, java.lang.Object, java.lang.Object)'> (0x0000000707c84d38) 
thrown [s\open\src\hotspot\share\interpreter\linkResolver.cpp, line 773]
Event: 14.595 Thread 0x0000022a6c5b0e20 Implicit null exception at 0x0000022a570f36f7 to 0x0000022a570f3960
Event: 14.643 Thread 0x0000022a6c5b0e20 Implicit null exception at 0x0000022a56f24cd0 to 0x0000022a56f267d4
Event: 14.647 Thread 0x0000022a6c5b0e20 Exception <a 'java/lang/IncompatibleClassChangeError'{0x0000000707915f00}: Found class java.lang.Object, but interface was expected> (0x0000000707915f00) 
thrown [s\open\src\hotspot\share\interpreter\linkResolver.cpp, line 840]
Event: 14.696 Thread 0x0000022a6c5b0e20 Exception <a 'java/lang/IncompatibleClassChangeError'{0x0000000707696ea0}: Found class java.lang.Object, but interface was expected> (0x0000000707696ea0) 
thrown [s\open\src\hotspot\share\interpreter\linkResolver.cpp, line 840]
Event: 14.935 Thread 0x0000022a6c5b0e20 Exception <a 'java/lang/IncompatibleClassChangeError'{0x000000070705e8f0}: Found class java.lang.Object, but interface was expected> (0x000000070705e8f0) 
thrown [s\open\src\hotspot\share\interpreter\linkResolver.cpp, line 840]
Event: 15.082 Thread 0x0000022a6c5b0e20 Exception <a 'java/lang/IncompatibleClassChangeError'{0x0000000714135fd8}: Found class java.lang.Object, but interface was expected> (0x0000000714135fd8) 
thrown [s\open\src\hotspot\share\interpreter\linkResolver.cpp, line 840]
Event: 15.083 Thread 0x0000022a6c5b0e20 Exception <a 'java/lang/IncompatibleClassChangeError'{0x000000071413b570}: Found class java.lang.Object, but interface was expected> (0x000000071413b570) 
thrown [s\open\src\hotspot\share\interpreter\linkResolver.cpp, line 840]
Event: 15.161 Thread 0x0000022a6c5b0e20 Exception <a 'java/lang/NoSuchMethodError'{0x00000007106db188}: 'java.lang.Object java.lang.invoke.DirectMethodHandle$Holder.invokeStatic(java.lang.Object, int, java.lang.Object)'> (0x00000007106db188) 
thrown [s\open\src\hotspot\share\interpreter\linkResolver.cpp, line 773]
Event: 15.263 Thread 0x0000022a6c5b0e20 Exception <a 'java/lang/NoSuchMethodError'{0x00000007105ac378}: 'java.lang.Object java.lang.invoke.DirectMethodHandle$Holder.invokeStaticInit(java.lang.Object, long)'> (0x00000007105ac378) 
thrown [s\open\src\hotspot\share\interpreter\linkResolver.cpp, line 773]

ZGC Phase Switch (0 events):
No events

VM Operations (20 events):
Event: 13.183 Executing VM operation: HandshakeAllThreads (Deoptimize)
Event: 13.183 Executing VM operation: HandshakeAllThreads (Deoptimize) done
Event: 13.297 Executing VM operation: HandshakeAllThreads (Deoptimize)
Event: 13.297 Executing VM operation: HandshakeAllThreads (Deoptimize) done
Event: 13.338 Executing VM operation: HandshakeAllThreads (Deoptimize)
Event: 13.338 Executing VM operation: HandshakeAllThreads (Deoptimize) done
Event: 14.342 Executing VM operation: Cleanup
Event: 14.342 Executing VM operation: Cleanup done
Event: 14.957 Executing VM operation: HandshakeAllThreads (Deoptimize)
Event: 14.958 Executing VM operation: HandshakeAllThreads (Deoptimize) done
Event: 14.960 Executing VM operation: HandshakeAllThreads (Deoptimize)
Event: 14.960 Executing VM operation: HandshakeAllThreads (Deoptimize) done
Event: 15.013 Executing VM operation: G1CollectForAllocation (G1 Evacuation Pause)
Event: 15.025 Executing VM operation: G1CollectForAllocation (G1 Evacuation Pause) done
Event: 15.317 Executing VM operation: HandshakeAllThreads (Deoptimize)
Event: 15.317 Executing VM operation: HandshakeAllThreads (Deoptimize) done
Event: 15.319 Executing VM operation: HandshakeAllThreads (Deoptimize)
Event: 15.319 Executing VM operation: HandshakeAllThreads (Deoptimize) done
Event: 15.529 Executing VM operation: HandshakeAllThreads (Deoptimize)
Event: 15.529 Executing VM operation: HandshakeAllThreads (Deoptimize) done

Events (20 events):
Event: 11.976 Thread 0x0000022a66e957a0 flushing nmethod 0x0000022a4f653190
Event: 11.976 Thread 0x0000022a66e957a0 flushing nmethod 0x0000022a4f653590
Event: 11.976 Thread 0x0000022a66e957a0 flushing nmethod 0x0000022a4f653b10
Event: 11.976 Thread 0x0000022a66e957a0 flushing nmethod 0x0000022a4f6b0390
Event: 11.976 Thread 0x0000022a66e957a0 flushing nmethod 0x0000022a4f803110
Event: 11.976 Thread 0x0000022a66e957a0 flushing nmethod 0x0000022a4f865210
Event: 11.976 Thread 0x0000022a66e957a0 flushing nmethod 0x0000022a4f9a5110
Event: 11.976 Thread 0x0000022a66e957a0 flushing nmethod 0x0000022a4f9a5690
Event: 11.976 Thread 0x0000022a66e957a0 flushing nmethod 0x0000022a4f9a6090
Event: 11.976 Thread 0x0000022a66e957a0 flushing nmethod 0x0000022a4f9a7410
Event: 11.976 Thread 0x0000022a66e957a0 flushing nmethod 0x0000022a4fa53b90
Event: 11.976 Thread 0x0000022a66e957a0 flushing nmethod 0x0000022a4fa54490
Event: 11.976 Thread 0x0000022a66e957a0 flushing nmethod 0x0000022a4fa55210
Event: 11.976 Thread 0x0000022a66e957a0 flushing nmethod 0x0000022a4fbb3d90
Event: 11.976 Thread 0x0000022a66e957a0 flushing nmethod 0x0000022a4fbb5210
Event: 12.479 Thread 0x0000022a67254c90 Thread exited: 0x0000022a67254c90
Event: 12.612 Thread 0x0000022a67256ea0 Thread added: 0x0000022a67256ea0
Event: 13.252 Thread 0x0000022a67256ea0 Thread exited: 0x0000022a67256ea0
Event: 14.250 Thread 0x0000022a67253ef0 Thread exited: 0x0000022a67253ef0
Event: 15.535 Thread 0x0000022a6e77e790 Thread added: 0x0000022a6e77e790


Dynamic libraries:
0x00007ff712720000 - 0x00007ff712730000 	C:\Program Files\Java\jdk-21\bin\java.exe
0x00007ffe54170000 - 0x00007ffe54387000 	C:\WINDOWS\SYSTEM32\ntdll.dll
0x00007ffe535a0000 - 0x00007ffe53664000 	C:\WINDOWS\System32\KERNEL32.DLL
0x00007ffe51930000 - 0x00007ffe51cea000 	C:\WINDOWS\System32\KERNELBASE.dll
0x00007ffe51690000 - 0x00007ffe517a1000 	C:\WINDOWS\System32\ucrtbase.dll
0x00007ffe3b100000 - 0x00007ffe3b11b000 	C:\Program Files\Java\jdk-21\bin\VCRUNTIME140.dll
0x00007ffe47ef0000 - 0x00007ffe47f09000 	C:\Program Files\Java\jdk-21\bin\jli.dll
0x00007ffe53670000 - 0x00007ffe53722000 	C:\WINDOWS\System32\ADVAPI32.dll
0x00007ffe53c70000 - 0x00007ffe53d17000 	C:\WINDOWS\System32\msvcrt.dll
0x00007ffe53810000 - 0x00007ffe538b7000 	C:\WINDOWS\System32\sechost.dll
0x00007ffe51900000 - 0x00007ffe51928000 	C:\WINDOWS\System32\bcrypt.dll
0x00007ffe53970000 - 0x00007ffe53a84000 	C:\WINDOWS\System32\RPCRT4.dll
0x00007ffe53da0000 - 0x00007ffe53f4e000 	C:\WINDOWS\System32\USER32.dll
0x00007ffe517b0000 - 0x00007ffe517d6000 	C:\WINDOWS\System32\win32u.dll
0x00007ffe53a90000 - 0x00007ffe53ab9000 	C:\WINDOWS\System32\GDI32.dll
0x00007ffe51430000 - 0x00007ffe5154b000 	C:\WINDOWS\System32\gdi32full.dll
0x00007ffe51860000 - 0x00007ffe518fa000 	C:\WINDOWS\System32\msvcp_win.dll
0x00007ffe390c0000 - 0x00007ffe39352000 	C:\WINDOWS\WinSxS\amd64_microsoft.windows.common-controls_6595b64144ccf1df_6.0.22621.4541_none_2710d1c57384c085\COMCTL32.dll
0x00007ffe39e20000 - 0x00007ffe39e2a000 	C:\WINDOWS\SYSTEM32\VERSION.dll
0x00007ffe53ac0000 - 0x00007ffe53af1000 	C:\WINDOWS\System32\IMM32.DLL
0x00007ffe48f40000 - 0x00007ffe48f4c000 	C:\Program Files\Java\jdk-21\bin\vcruntime140_1.dll
0x00007ffe3a710000 - 0x00007ffe3a79e000 	C:\Program Files\Java\jdk-21\bin\msvcp140.dll
0x00007ffde3f60000 - 0x00007ffde4c78000 	C:\Program Files\Java\jdk-21\bin\server\jvm.dll
0x00007ffe52770000 - 0x00007ffe527e1000 	C:\WINDOWS\System32\WS2_32.dll
0x00007ffe48de0000 - 0x00007ffe48e14000 	C:\WINDOWS\SYSTEM32\WINMM.dll
0x00007ffe50290000 - 0x00007ffe502dd000 	C:\WINDOWS\SYSTEM32\POWRPROF.dll
0x00007ffe50270000 - 0x00007ffe50283000 	C:\WINDOWS\SYSTEM32\UMPDC.dll
0x00007ffe50530000 - 0x00007ffe50548000 	C:\WINDOWS\SYSTEM32\kernel.appcore.dll
0x00007ffe48ed0000 - 0x00007ffe48eda000 	C:\Program Files\Java\jdk-21\bin\jimage.dll
0x00007ffe4ed10000 - 0x00007ffe4ef42000 	C:\WINDOWS\SYSTEM32\DBGHELP.DLL
0x00007ffe52860000 - 0x00007ffe52bf1000 	C:\WINDOWS\System32\combase.dll
0x00007ffe53730000 - 0x00007ffe53807000 	C:\WINDOWS\System32\OLEAUT32.dll
0x00007ffe38790000 - 0x00007ffe387c2000 	C:\WINDOWS\SYSTEM32\dbgcore.DLL
0x00007ffe517e0000 - 0x00007ffe5185b000 	C:\WINDOWS\System32\bcryptPrimitives.dll
0x00007ffe47fb0000 - 0x00007ffe47fbf000 	C:\Program Files\Java\jdk-21\bin\instrument.dll
0x00007ffe3a6f0000 - 0x00007ffe3a70f000 	C:\Program Files\Java\jdk-21\bin\java.dll
0x00007ffe52d00000 - 0x00007ffe53579000 	C:\WINDOWS\System32\SHELL32.dll
0x00007ffe4f330000 - 0x00007ffe4fc39000 	C:\WINDOWS\SYSTEM32\windows.storage.dll
0x00007ffe4f1f0000 - 0x00007ffe4f32f000 	C:\WINDOWS\SYSTEM32\wintypes.dll
0x00007ffe52c00000 - 0x00007ffe52cfa000 	C:\WINDOWS\System32\SHCORE.dll
0x00007ffe52710000 - 0x00007ffe5276e000 	C:\WINDOWS\System32\shlwapi.dll
0x00007ffe51360000 - 0x00007ffe5138b000 	C:\WINDOWS\SYSTEM32\profapi.dll
0x00007ffe1b520000 - 0x00007ffe1b5f7000 	C:\Program Files\Java\jdk-21\bin\jsvml.dll
0x00007ffe3a840000 - 0x00007ffe3a858000 	C:\Program Files\Java\jdk-21\bin\zip.dll
0x00007ffe3bd50000 - 0x00007ffe3bd60000 	C:\Program Files\Java\jdk-21\bin\net.dll
0x00007ffe4a4b0000 - 0x00007ffe4a5e6000 	C:\WINDOWS\SYSTEM32\WINHTTP.dll
0x00007ffe509c0000 - 0x00007ffe50a29000 	C:\WINDOWS\system32\mswsock.dll
0x00007ffe33d90000 - 0x00007ffe33da6000 	C:\Program Files\Java\jdk-21\bin\nio.dll
0x00007ffe2e6c0000 - 0x00007ffe2e6da000 	C:\Program Files\JetBrains\IntelliJ IDEA Community Edition 2024.3\bin\breakgen64.dll
0x00007ffe2edd0000 - 0x00007ffe2edd9000 	C:\Program Files\Java\jdk-21\bin\extnet.dll
0x00007ffe33790000 - 0x00007ffe3379a000 	C:\Program Files\Java\jdk-21\bin\management.dll
0x00007ffe2ee30000 - 0x00007ffe2ee3b000 	C:\Program Files\Java\jdk-21\bin\management_ext.dll
0x00007ffe51f60000 - 0x00007ffe51f68000 	C:\WINDOWS\System32\PSAPI.DLL
0x00007ffe2ec60000 - 0x00007ffe2ec6e000 	C:\Program Files\Java\jdk-21\bin\sunmscapi.dll
0x00007ffe51cf0000 - 0x00007ffe51e56000 	C:\WINDOWS\System32\CRYPT32.dll
0x00007ffe50df0000 - 0x00007ffe50e1d000 	C:\WINDOWS\SYSTEM32\ncrypt.dll
0x00007ffe50db0000 - 0x00007ffe50de7000 	C:\WINDOWS\SYSTEM32\NTASN1.dll
0x00007ffe50c30000 - 0x00007ffe50c4b000 	C:\WINDOWS\SYSTEM32\CRYPTSP.dll
0x00007ffe50490000 - 0x00007ffe504c5000 	C:\WINDOWS\system32\rsaenh.dll
0x00007ffe50ab0000 - 0x00007ffe50ad8000 	C:\WINDOWS\SYSTEM32\USERENV.dll
0x00007ffe50c50000 - 0x00007ffe50c5c000 	C:\WINDOWS\SYSTEM32\CRYPTBASE.dll
0x00007ffe4ff00000 - 0x00007ffe4ff2d000 	C:\WINDOWS\SYSTEM32\IPHLPAPI.DLL
0x00007ffe523f0000 - 0x00007ffe523f9000 	C:\WINDOWS\System32\NSI.dll
0x00007ffe3a180000 - 0x00007ffe3a190000 	C:\Program Files\Java\jdk-21\bin\verify.dll
0x00007ffe4ff30000 - 0x00007ffe50032000 	C:\WINDOWS\SYSTEM32\DNSAPI.dll
0x00007ffe490b0000 - 0x00007ffe490ba000 	C:\Windows\System32\rasadhlp.dll
0x00007ffe48a90000 - 0x00007ffe48b13000 	C:\WINDOWS\System32\fwpuclnt.dll

dbghelp: loaded successfully - version: 4.0.5 - missing functions: none
symbol engine: initialized successfully - sym options: 0x614 - pdb path: .;C:\Program Files\Java\jdk-21\bin;C:\WINDOWS\SYSTEM32;C:\WINDOWS\WinSxS\amd64_microsoft.windows.common-controls_6595b64144ccf1df_6.0.22621.4541_none_2710d1c57384c085;C:\Program Files\Java\jdk-21\bin\server;C:\Program Files\JetBrains\IntelliJ IDEA Community Edition 2024.3\bin

VM Arguments:
jvm_args: -javaagent:C:\Program Files\JetBrains\IntelliJ IDEA Community Edition 2024.3\lib\idea_rt.jar=51103:C:\Program Files\JetBrains\IntelliJ IDEA Community Edition 2024.3\bin -Dfile.encoding=UTF-8 -Dsun.stdout.encoding=UTF-8 -Dsun.stderr.encoding=UTF-8 
java_command: com.pofo.backend.BackendApplication
java_class_path (initial): C:\Users\wyzmq\IdeaProjects\NBE3-4-2-Team11\backend\out\production\classes;C:\Users\wyzmq\IdeaProjects\NBE3-4-2-Team11\backend\out\production\resources;C:\Users\wyzmq\.gradle\caches\modules-2\files-2.1\org.springframework.boot\spring-boot-starter-data-jpa\3.4.2\b65a304b493807dff48bf114135dc4aa5f267927\spring-boot-starter-data-jpa-3.4.2.jar;C:\Users\wyzmq\.gradle\caches\modules-2\files-2.1\org.springframework.boot\spring-boot-starter-oauth2-client\3.4.2\b93bf35cf23dd6abb4a1ac6151d757aed9c3bcfc\spring-boot-starter-oauth2-client-3.4.2.jar;C:\Users\wyzmq\.gradle\caches\modules-2\files-2.1\org.springframework.boot\spring-boot-starter-security\3.4.2\b3102ed745b5e71f61bb5174c6a12275f0154dbb\spring-boot-starter-security-3.4.2.jar;C:\Users\wyzmq\.gradle\caches\modules-2\files-2.1\org.springframework.boot\spring-boot-starter-validation\3.4.2\3195ea4da38b902a09bf192361800d4e43940465\spring-boot-starter-validation-3.4.2.jar;C:\Users\wyzmq\.gradle\caches\modules-2\files-2.1\org.springframework.boot\spring-boot-starter-web\3.4.2\cf1c8efe77dccf221acf5f0ce9cc24c718c0ca44\spring-boot-starter-web-3.4.2.jar;C:\Users\wyzmq\.gradle\caches\modules-2\files-2.1\io.jsonwebtoken\jjwt-api\0.11.5\f742940045619d06383e7df37b21ac422b476cf1\jjwt-api-0.11.5.jar;C:\Users\wyzmq\.gradle\caches\modules-2\files-2.1\io.github.cdimascio\dotenv-java\3.0.0\f535c5df8b98575eabb2820e548f5ba8a987fe69\dotenv-java-3.0.0.jar;C:\Users\wyzmq\.gradle\caches\modules-2\files-2.1\org.springframework.boot\spring-boot-starter-data-redis\3.4.2\ad0741d5a86b08ce449b4adb37e2287722d990a7\spring-boot-starter-data-redis-3.4.2.jar;C:\Users\wyzmq\.gradle\caches\modules-2\files-2.1\io.lettuce\lettuce-core\6.3.1.RELEASE\831e550bb71e6a539bd471ad258f6be7590e9aba\lettuce-core-6.3.1.RELEASE.jar;C:\Users\wyzmq\.gradle\caches\modules-2\files-2.1\org.mapstruct\mapstruct\1.5.2.Final\835b31a56daf7eed653864fa70af59afd017c9cc\mapstruct-1.5.2.Final.jar;C:\Users\wyzmq\.gradle\caches\modules-2\files-2.1\org.springframework.boot\spring-boot-starter-jdbc\3.4.2\a3698cab03ba6daaaa38c16df1b36c862e9e3e4b\spring-boot-starter-jdbc-3.4.2.jar;C:\Users\wyzmq\.gradle\caches\modules-2\files-2.1\org.springframework.boot\spring-boot-starter\3.4.2\9d914208449fce99a67d3def60957cdcc98b552a\spring-boot-starter-3.4.2.jar;C:\Users\wyzmq\.gradle\caches\modules-2\files-2.1\org.hibernate.orm\hibernate-core\6.6.5.Final\c81deca40ebdb823d9f8a9e5dc5798a6a205626a\hibernate-core-6.6.5.Final.jar;C:\Users\wyzmq\.gradle\caches\modules-2\files-2.1\org.springframework.data\spring-data-jpa\3.4.2\4213f2d185b49447057823f5ef9de41e931f4f2e\spring-data-jpa-3.4.2.jar;C:\Users\wyzmq\.gradle\caches\modules-2\files-2.1\org.springframework\spring-aspects\6.2.2\e9e0379bc353e43ab1cb326f413bb293d8a52e78\spring-aspects-6.2.2.jar;C:\Users\wyzmq\.gradle\caches\modules-2\files-2.1\org.springframework.security\spring-security-config\6.4.2\5ed985329eb14b1c61045160c8dcbbcab179ddd3\spring-security-config-6.4.2.jar;C:\Users\wyzmq\.gradle\caches\modules-2\files-2.1\org.springframework.security\spring-security-oauth2-client\6.4.2\9c68e4f23a216d425ad34ae5fb5f67d7c6de7fb4\spring-security-oauth2-client-6.4.2.jar;C:\Users\wyzmq\.gradle\caches\modules-2\files-2.1\org.springframework.security\spring-security-oauth2-jose\6.4.2\274482eaffe0f5e7d978be7cbf7dc1817037efa5\spring-security-oauth2-jose-6.4.2.jar;C:\Users\wyzmq\.gradle\caches\modules-2\files-2.1\org.springframework.security\spring-security-core\6.4.2\51302b2af3f01eb79fdc7164a4cc3a3aa7e3b541\spring-security-core-6.4.2.jar;C:\Users\wyzmq\.gradle\caches\modules-2\files-2.1\org.springframework.security\spring-security-web\6.4.2\733a3bbbdca56225676fb7f4e3f317c2075fc383\spring-security-web-6.4.2.jar;C:\Users\wyzmq\.gradle\caches\modules-2\files-2.1\org.springframework\spring-aop\6.2.2\2a1a445d4cd8e5fe2311df04fc25c0bc54bd2ce4\spring-aop-6.2.2.jar;C:\Users\wyzmq\.gradle\caches\modules-2\files-2.1\org.apache.tomcat.embed\tomcat-embed-el\10.1.34\d2b2daca3bc999c62e58ae36b45ba0582530fb25\tomcat-embed-el-10.1.34.jar;C:\Users\wyzmq\.gradle\caches\modules-2\files-2.1\org.hibernate.validator\hibernate-validator\8.0.2.Final\220e64815dd87535525331de20570017f899eb13\hibernate-validator-8.0.2.Final.jar;C:\Users\wyzmq\.gradle\caches\modules-2\files-2.1\org.springframework.boot\spring-boot-starter-json\3.4.2\e413d51228ddaf6a9644533987faa0ae6e18fe47\spring-boot-starter-json-3.4.2.jar;C:\Users\wyzmq\.gradle\caches\modules-2\files-2.1\org.springframework\spring-webmvc\6.2.2\9b1aeb179ba9667bc78a4a5cec4ec8087db404d7\spring-webmvc-6.2.2.jar;C:\Users\wyzmq\.gradle\caches\modules-2\files-2.1\org.springframework.boot\spring-boot-starter-tomcat\3.4.2\aa345bdd83adc80db5bc6ac4a711460396ad17ef\spring-boot-starter-tomcat-3.4.2.jar;C:\Users\wyzmq\.gradle\caches\modules-2\files-2.1\org.springframework\spring-web\6.2.2\bd2ef98bf98b6ecf8dd29106ae27b7515524c21\spring-web-6.2.2.jar;C:\Users\wyzmq\.gradle\caches\modules-2\files-2.1\org.springframework.data\spring-data-redis\3.4.2\f870c5c35ea80c1cc6dbfe3b4f665226cdfa2c3b\spring-data-redis-3.4.2.jar;C:\Users\wyzmq\.gradle\caches\modules-2\files-2.1\io.netty\netty-handler\4.1.117.Final\db14cd99515f8c98a3f2a347718e59f14d85c503\netty-handler-4.1.117.Final.jar;C:\Users\wyzmq\.gradle\caches\modules-2\files-2.1\io.netty\netty-transport\4.1.117.Final\f81d72962bd134d8d8e11b514321134fa5fd0ce6\netty-transport-4.1.117.Final.jar;C:\Users\wyzmq\.gradle\caches\modules-2\files-2.1\io.netty\netty-common\4.1.117.Final\9e074a4382f56b37f3b9ee1fc21d53e7af58ec9d\netty-common-4.1.117.Final.jar;C:\Users\wyzmq\.gradle\caches\modules-2\files-2.1\io.projectreactor\reactor-core\3.7.2\18e669540bcadf4fae1761779a57a991beb013ec\reactor-core-3.7.2.jar;C:\Users\wyzmq\.gradle\caches\modules-2\files-2.1\org.springframework\spring-jdbc\6.2.2\840572e748c1dfe7122e19a10888918e5ecfb631\spring-jdbc-6.2.2.jar;C:\Users\wyzmq\.gradle\caches\modules-2\files-2.1\com.zaxxer\HikariCP\5.1.0\8c96e36c14461fc436bb02b264b96ef3ca5dca8c\HikariCP-5.1.0.jar;C:\Users\wyzmq\.gradle\caches\modules-2\files-2.1\org.springframework.boot\spring-boot-autoconfigure\3.4.2\c50511dba751ffe7df320d27c6875feb2745654e\spring-boot-autoconfigure-3.4.2.jar;C:\Users\wyzmq\.gradle\caches\modules-2\files-2.1\org.springframework.boot\spring-boot\3.4.2\b2514201ba6b838bd638a51619515501c5baefea\spring-boot-3.4.2.jar;C:\Users\wyzmq\.gradle\caches\modules-2\files-2.1\org.springframework.boot\spring-boot-starter-logging\3.4.2\be7631ab8d3cb2a6a3c9981dcaa6d0867c964772\spring-boot-starter-logging-3.4.2.jar;C:\Users\wyzmq\.gradle\caches\modules-2\files-2.1\jakarta.annotation\jakarta.annotation-api\2.1.1\48b9bda22b091b1f48b13af03fe36db3be6e1ae3\jakarta.annotation-api-2.1.1.jar;C:\Users\wyzmq\.gradle\caches\modules-2\files-2.1\org.springframework\spring-core\6.2.2\94269e888dc979e75a1a1b9600d7153d72e6a7f1\spring-core-6.2.2.jar;C:\Users\wyzmq\.gradle\caches\modules-2\files-2.1\org.yaml\snakeyaml\2.3\936b36210e27320f920536f695cf1af210c44586\snakeyaml-2.3.jar;C:\Users\wyzmq\.gradle\caches\modules-2\files-2.1\jakarta.persistence\jakarta.persistence-api\3.1.0\66901fa1c373c6aff65c13791cc11da72060a8d6\jakarta.persistence-api-3.1.0.jar;C:\Users\wyzmq\.gradle\caches\modules-2\files-2.1\jakarta.transaction\jakarta.transaction-api\2.0.1\51a520e3fae406abb84e2e1148e6746ce3f80a1a\jakarta.transaction-api-2.0.1.jar;C:\Users\wyzmq\.gradle\caches\modules-2\files-2.1\org.springframework\spring-context\6.2.2\aa01a7faa3694983339ca7e45619860ef34052d6\spring-context-6.2.2.jar;C:\Users\wyzmq\.gradle\caches\modules-2\files-2.1\org.springframework\spring-orm\6.2.2\98d0c8e2f8f65b776b24ffa979e9802a0c7085d7\spring-orm-6.2.2.jar;C:\Users\wyzmq\.gradle\caches\modules-2\files-2.1\org.springframework.data\spring-data-commons\3.4.2\387ff91a749cce404f7a6e4a15a3b75ff497bdbc\spring-data-commons-3.4.2.jar;C:\Users\wyzmq\.gradle\caches\modules-2\files-2.1\org.springframework\spring-tx\6.2.2\91a2e378d0e457b9c500f2b30aaf8a7a422ba522\spring-tx-6.2.2.jar;C:\Users\wyzmq\.gradle\caches\modules-2\files-2.1\org.springframework\spring-beans\6.2.2\ec8ee520ff7b147de8ac04d330848d468253f84d\spring-beans-6.2.2.jar;C:\Users\wyzmq\.gradle\caches\modules-2\files-2.1\org.antlr\antlr4-runtime\4.13.0\5a02e48521624faaf5ff4d99afc88b01686af655\antlr4-runtime-4.13.0.jar;C:\Users\wyzmq\.gradle\caches\modules-2\files-2.1\org.slf4j\slf4j-api\2.0.16\172931663a09a1fa515567af5fbef00897d3c04\slf4j-api-2.0.16.jar;C:\Users\wyzmq\.gradle\caches\modules-2\files-2.1\org.aspectj\aspectjweaver\1.9.22.1\bca243d0af0db4758fbae45c5f4995cb5dabb612\aspectjweaver-1.9.22.1.jar;C:\Users\wyzmq\.gradle\caches\modules-2\files-2.1\org.springframework.security\spring-security-oauth2-core\6.4.2\bbf870c11c26edbe8585d2dbc92261a546a5ff60\spring-security-oauth2-core-6.4.2.jar;C:\Users\wyzmq\.gradle\caches\modules-2\files-2.1\com.nimbusds\oauth2-oidc-sdk\9.43.4\a07529930dbea9b469d1feeb5bc9cde899cf6e60\oauth2-oidc-sdk-9.43.4.jar;C:\Users\wyzmq\.gradle\caches\modules-2\files-2.1\com.nimbusds\nimbus-jose-jwt\9.37.3\700f71ffefd60c16bd8ce711a956967ea9071cec\nimbus-jose-jwt-9.37.3.jar;C:\Users\wyzmq\.gradle\caches\modules-2\files-2.1\org.springframework\spring-expression\6.2.2\20164dd3a70d0048185cf02bb1b097b22e73d820\spring-expression-6.2.2.jar;C:\Users\wyzmq\.gradle\caches\modules-2\files-2.1\org.springframework.security\spring-security-crypto\6.4.2\a4d5bf27ca449200fc39e07de6ae016eb1ad21da\spring-security-crypto-6.4.2.jar;C:\Users\wyzmq\.gradle\caches\modules-2\files-2.1\io.micrometer\micrometer-observation\1.14.3\cd66186a1fe8465dc732d9514bade1104044b56d\micrometer-observation-1.14.3.jar;C:\Users\wyzmq\.gradle\caches\modules-2\files-2.1\jakarta.validation\jakarta.validation-api\3.0.2\92b6631659ba35ca09e44874d3eb936edfeee532\jakarta.validation-api-3.0.2.jar;C:\Users\wyzmq\.gradle\caches\modules-2\files-2.1\org.jboss.logging\jboss-logging\3.6.1.Final\886afbb445b4016a37c8960a7aef6ebd769ce7e5\jboss-logging-3.6.1.Final.jar;C:\Users\wyzmq\.gradle\caches\modules-2\files-2.1\com.fasterxml\classmate\1.7.0\e98374da1f2143ac8e6e0a95036994bb19137a3\classmate-1.7.0.jar;C:\Users\wyzmq\.gradle\caches\modules-2\files-2.1\com.fasterxml.jackson.datatype\jackson-datatype-jsr310\2.18.2\7b6ff96adf421f4c6edbd694e797dd8fe434510a\jackson-datatype-jsr310-2.18.2.jar;C:\Users\wyzmq\.gradle\caches\modules-2\files-2.1\com.fasterxml.jackson.module\jackson-module-parameter-names\2.18.2\72960cb3277347a748911d100c3302d60e8a616a\jackson-module-parameter-names-2.18.2.jar;C:\Users\wyzmq\.gradle\caches\modules-2\files-2.1\com.fasterxml.jackson.datatype\jackson-datatype-jdk8\2.18.2\9ed6d538ebcc66864e114a7040953dce6ab6ea53\jackson-datatype-jdk8-2.18.2.jar;C:\Users\wyzmq\.gradle\caches\modules-2\files-2.1\com.fasterxml.jackson.core\jackson-databind\2.18.2\deef8697b92141fb6caf7aa86966cff4eec9b04f\jackson-databind-2.18.2.jar;C:\Users\wyzmq\.gradle\caches\modules-2\files-2.1\org.apache.tomcat.embed\tomcat-embed-websocket\10.1.34\eef6d430f34b6e393b8d9e40f10db9043732b4e5\tomcat-embed-websocket-10.1.34.jar;C:\Users\wyzmq\.gradle\caches\modules-2\files-2.1\org.apache.tomcat.embed\tomcat-embed-core\10.1.34\f610f84be607fbc82e393cc220f0ad45f92afc91\tomcat-embed-core-10.1.34.jar;C:\Users\wyzmq\.gradle\caches\modules-2\files-2.1\org.springframework.data\spring-data-keyvalue\3.4.2\488264fc8e32cd5ec9a0176fa93ad104855222f4\spring-data-keyvalue-3.4.2.jar;C:\Users\wyzmq\.gradle\caches\modules-2\files-2.1\org.springframework\spring-context-support\6.2.2\d0ad90b2a0e80dcfeffe44184b5d0ac0b262ee46\spring-context-support-6.2.2.jar;C:\Users\wyzmq\.gradle\caches\modules-2\files-2.1\org.springframework\spring-oxm\6.2.2\6ba1aa172f0ab30624ed5068b4ad0942b1b32c93\spring-oxm-6.2.2.jar;C:\Users\wyzmq\.gradle\caches\modules-2\files-2.1\io.netty\netty-transport-native-unix-common\4.1.117.Final\684f2316ff2b2171babbc17c95ac3bd97f5f091e\netty-transport-native-unix-common-4.1.117.Final.jar;C:\Users\wyzmq\.gradle\caches\modules-2\files-2.1\io.netty\netty-codec\4.1.117.Final\2831d3431ed93d9c0b64b1c0cce2ced4737539aa\netty-codec-4.1.117.Final.jar;C:\Users\wyzmq\.gradle\caches\modules-2\files-2.1\io.netty\netty-resolver\4.1.117.Final\581b37489a03162f473264b65f53d504269a74b0\netty-resolver-4.1.117.Final.jar;C:\Users\wyzmq\.gradle\caches\modules-2\files-2.1\io.netty\netty-buffer\4.1.117.Final\22b4cc28194cb23671274499229e0ef35028fbd\netty-buffer-4.1.117.Final.jar;C:\Users\wyzmq\.gradle\caches\modules-2\files-2.1\org.reactivestreams\reactive-streams\1.0.4\3864a1320d97d7b045f729a326e1e077661f31b7\reactive-streams-1.0.4.jar;C:\Users\wyzmq\.gradle\caches\modules-2\files-2.1\ch.qos.logback\logback-classic\1.5.16\113979db51dfad6dc895b34460d7b7ff64ffe7d2\logback-classic-1.5.16.jar;C:\Users\wyzmq\.gradle\caches\modules-2\files-2.1\org.apache.logging.log4j\log4j-to-slf4j\2.24.3\da1143e2a2531ee1c2d90baa98eb50a28a39d5a7\log4j-to-slf4j-2.24.3.jar;C:\Users\wyzmq\.gradle\caches\modules-2\files-2.1\org.slf4j\jul-to-slf4j\2.0.16\6d57da3e961daac65bcca0dd3def6cd11e48a24a\jul-to-slf4j-2.0.16.jar;C:\Users\wyzmq\.gradle\caches\modules-2\files-2.1\org.springframework\spring-jcl\6.2.2\1fbbb0b2e85c6eac7c366c5eed5b124785f05ac8\spring-jcl-6.2.2.jar;C:\Users\wyzmq\.gradle\caches\modules-2\files-2.1\com.github.stephenc.jcip\jcip-annotations\1.0-1\ef31541dd28ae2cefdd17c7ebf352d93e9058c63\jcip-annotations-1.0-1.jar;C:\Users\wyzmq\.gradle\caches\modules-2\files-2.1\com.nimbusds\content-type\2.2\9a894bce7646dd4086652d85b88013229f23724b\content-type-2.2.jar;C:\Users\wyzmq\.gradle\caches\modules-2\files-2.1\net.minidev\json-smart\2.5.1\4c11d2808d009132dfbbf947ebf37de6bf266c8e\json-smart-2.5.1.jar;C:\Users\wyzmq\.gradle\caches\modules-2\files-2.1\com.nimbusds\lang-tag\1.7\97c73ecd70bc7e8eefb26c5eea84f251a63f1031\lang-tag-1.7.jar;C:\Users\wyzmq\.gradle\caches\modules-2\files-2.1\io.micrometer\micrometer-commons\1.14.3\bf17f05dd6343d36ecc31076197a962cfdf46131\micrometer-commons-1.14.3.jar;C:\Users\wyzmq\.gradle\caches\modules-2\files-2.1\com.fasterxml.jackson.core\jackson-annotations\2.18.2\985d77751ebc7fce5db115a986bc9aa82f973f4a\jackson-annotations-2.18.2.jar;C:\Users\wyzmq\.gradle\caches\modules-2\files-2.1\com.fasterxml.jackson.core\jackson-core\2.18.2\fb64ccac5c27dca8819418eb4e443a9f496d9ee7\jackson-core-2.18.2.jar;C:\Users\wyzmq\.gradle\caches\modules-2\files-2.1\ch.qos.logback\logback-core\1.5.16\4f17700f046900aea2fadf115e2d67fec921f7fd\logback-core-1.5.16.jar;C:\Users\wyzmq\.gradle\caches\modules-2\files-2.1\org.apache.logging.log4j\log4j-api\2.24.3\b02c125db8b6d295adf72ae6e71af5d83bce2370\log4j-api-2.24.3.jar;C:\Users\wyzmq\.gradle\caches\modules-2\files-2.1\net.minidev\accessors-smart\2.5.1\19b820261eb2e7de7d5bde11d1c06e4501dd7e5f\accessors-smart-2.5.1.jar;C:\Users\wyzmq\.gradle\caches\modules-2\files-2.1\org.ow2.asm\asm\9.6\aa205cf0a06dbd8e04ece91c0b37c3f5d567546a\asm-9.6.jar;C:\Users\wyzmq\.gradle\caches\modules-2\files-2.1\org.springframework.boot\spring-boot-devtools\3.4.2\726c2343705fba19b13ee2bd98997e386408260f\spring-boot-devtools-3.4.2.jar;C:\Users\wyzmq\.gradle\caches\modules-2\files-2.1\io.jsonwebtoken\jjwt-impl\0.11.5\40a599f0e8a8e4e0701596fbb15e67bfda64fdf0\jjwt-impl-0.11.5.jar;C:\Users\wyzmq\.gradle\caches\modules-2\files-2.1\io.jsonwebtoken\jjwt-jackson\0.11.5\3b83a06809e98a69402d7333dcf67df6f6ea4579\jjwt-jackson-0.11.5.jar;C:\Users\wyzmq\.gradle\caches\modules-2\files-2.1\com.h2database\h2\2.3.232\4fcc05d966ccdb2812ae8b9a718f69226c0cf4e2\h2-2.3.232.jar;C:\Users\wyzmq\.gradle\caches\modules-2\files-2.1\com.mysql\mysql-connector-j\9.1.0\5fb1d513278e1a9767dfa80ea9d8d7ee909f1a\mysql-connector-j-9.1.0.jar;C:\Users\wyzmq\.gradle\caches\modules-2\files-2.1\org.hibernate.common\hibernate-commons-annotations\7.0.3.Final\e183c4be8bb41d12e9f19b374e00c34a0a85f439\hibernate-commons-annotations-7.0.3.Final.jar;C:\Users\wyzmq\.gradle\caches\modules-2\files-2.1\io.smallrye\jandex\3.2.0\f17ad860f62a08487b9edabde608f8ac55c62fa7\jandex-3.2.0.jar;C:\Users\wyzmq\.gradle\caches\modules-2\files-2.1\net.bytebuddy\byte-buddy\1.15.11\f61886478e0f9ee4c21d09574736f0ff45e0a46c\byte-buddy-1.15.11.jar;C:\Users\wyzmq\.gradle\caches\modules-2\files-2.1\org.glassfish.jaxb\jaxb-runtime\4.0.5\ca84c2a7169b5293e232b9d00d1e4e36d4c3914a\jaxb-runtime-4.0.5.jar;C:\Users\wyzmq\.gradle\caches\modules-2\files-2.1\jakarta.xml.bind\jakarta.xml.bind-api\4.0.2\6cd5a999b834b63238005b7144136379dc36cad2\jakarta.xml.bind-api-4.0.2.jar;C:\Users\wyzmq\.gradle\caches\modules-2\files-2.1\jakarta.inject\jakarta.inject-api\2.0.1\4c28afe1991a941d7702fe1362c365f0a8641d1e\jakarta.inject-api-2.0.1.jar;C:\Users\wyzmq\.gradle\caches\modules-2\files-2.1\org.glassfish.jaxb\jaxb-core\4.0.5\7b4b11ea5542eea4ad55e1080b23be436795b3\jaxb-core-4.0.5.jar;C:\Users\wyzmq\.gradle\caches\modules-2\files-2.1\jakarta.activation\jakarta.activation-api\2.1.3\fa165bd70cda600368eee31555222776a46b881f\jakarta.activation-api-2.1.3.jar;C:\Users\wyzmq\.gradle\caches\modules-2\files-2.1\org.eclipse.angus\angus-activation\2.0.2\41f1e0ddd157c856926ed149ab837d110955a9fc\angus-activation-2.0.2.jar;C:\Users\wyzmq\.gradle\caches\modules-2\files-2.1\org.glassfish.jaxb\txw2\4.0.5\f36a4ef12120a9bb06d766d6a0e54b144fd7ed98\txw2-4.0.5.jar;C:\Users\wyzmq\.gradle\caches\modules-2\files-2.1\com.sun.istack\istack-commons-runtime\4.1.2\18ec117c85f3ba0ac65409136afa8e42bc74e739\istack-commons-runtime-4.1.2.jar
Launcher Type: SUN_STANDARD

[Global flags]
     intx CICompilerCount                          = 12                                        {product} {ergonomic}
     uint ConcGCThreads                            = 3                                         {product} {ergonomic}
     uint G1ConcRefinementThreads                  = 13                                        {product} {ergonomic}
   size_t G1HeapRegionSize                         = 2097152                                   {product} {ergonomic}
    uintx GCDrainStackTargetSize                   = 64                                        {product} {ergonomic}
   size_t InitialHeapSize                          = 264241152                                 {product} {ergonomic}
   size_t MarkStackSize                            = 4194304                                   {product} {ergonomic}
   size_t MaxHeapSize                              = 4221566976                                {product} {ergonomic}
   size_t MaxNewSize                               = 2531262464                                {product} {ergonomic}
   size_t MinHeapDeltaBytes                        = 2097152                                   {product} {ergonomic}
   size_t MinHeapSize                              = 8388608                                   {product} {ergonomic}
    uintx NonNMethodCodeHeapSize                   = 7602480                                {pd product} {ergonomic}
    uintx NonProfiledCodeHeapSize                  = 122027880                              {pd product} {ergonomic}
    uintx ProfiledCodeHeapSize                     = 122027880                              {pd product} {ergonomic}
    uintx ReservedCodeCacheSize                    = 251658240                              {pd product} {ergonomic}
     bool SegmentedCodeCache                       = true                                      {product} {ergonomic}
   size_t SoftMaxHeapSize                          = 4221566976                             {manageable} {ergonomic}
     bool UseCompressedOops                        = true                           {product lp64_product} {ergonomic}
     bool UseG1GC                                  = true                                      {product} {ergonomic}
     bool UseLargePagesIndividualAllocation        = false                                  {pd product} {ergonomic}

Logging:
Log output configuration:
 #0: stdout all=warning uptime,level,tags foldmultilines=false
 #1: stderr all=off uptime,level,tags foldmultilines=false

Environment Variables:
JAVA_HOME=C:\Program Files\Java\jdk-21
PATH=C:\Program Files\Common Files\Oracle\Java\javapath;C:\WINDOWS\system32;C:\WINDOWS;C:\WINDOWS\System32\Wbem;C:\WINDOWS\System32\WindowsPowerShell\v1.0\;C:\WINDOWS\System32\OpenSSH\;C:\Program Files\nodejs\;C:\Program Files\Docker\Docker\resources\bin;C:\Program Files\Git\cmd;C:\ffmpeg\bin\;C:\Program Files (x86)\sox-14-4-2;C:\Program Files\Java\jdk-21\bin;C:\Users\wyzmq\anaconda3;C:\Users\wyzmq\anaconda3\Library\mingw-w64\bin;C:\Users\wyzmq\anaconda3\Library\usr\bin;C:\Users\wyzmq\anaconda3\Library\bin;C:\Users\wyzmq\anaconda3\Scripts;C:\Users\wyzmq\AppData\Local\Microsoft\WindowsApps;C:\Users\wyzmq\AppData\Local\Programs\Microsoft VS Code\bin;C:\Users\wyzmq\AppData\Roaming\npm;C:\Users\wyzmq\AppData\Local\Google\Cloud SDK\google-cloud-sdk\bin;C:\Program Files\JetBrains\IntelliJ IDEA Community Edition 2024.3\bin;
USERNAME=wyzmq
OS=Windows_NT
PROCESSOR_IDENTIFIER=Intel64 Family 6 Model 154 Stepping 3, GenuineIntel
TMP=C:\Users\wyzmq\AppData\Local\Temp
TEMP=C:\Users\wyzmq\AppData\Local\Temp




Periodic native trim disabled

---------------  S Y S T E M  ---------------

OS:
 Windows 11 , 64 bit Build 22621 (10.0.22621.4391)
OS uptime: 14 days 11:48 hours
Hyper-V role detected

CPU: total 16 (initial active 16) (8 cores per cpu, 2 threads per core) family 6 model 154 stepping 3 microcode 0x421, cx8, cmov, fxsr, ht, mmx, 3dnowpref, sse, sse2, sse3, ssse3, sse4.1, sse4.2, popcnt, lzcnt, tsc, tscinvbit, avx, avx2, aes, erms, clmul, bmi1, bmi2, adx, sha, fma, vzeroupper, clflush, clflushopt, clwb, hv, serialize, rdtscp, rdpid, fsrm, f16c, cet_ibt, cet_ss
Processor Information for processor 0
  Max Mhz: 2100, Current Mhz: 2100, Mhz Limit: 2100
Processor Information for processor 1
  Max Mhz: 2100, Current Mhz: 2100, Mhz Limit: 2100
Processor Information for processor 2
  Max Mhz: 2100, Current Mhz: 2100, Mhz Limit: 2100
Processor Information for processor 3
  Max Mhz: 2100, Current Mhz: 2100, Mhz Limit: 2100
Processor Information for processor 4
  Max Mhz: 2100, Current Mhz: 2100, Mhz Limit: 2100
Processor Information for processor 5
  Max Mhz: 2100, Current Mhz: 2100, Mhz Limit: 2100
Processor Information for processor 6
  Max Mhz: 2100, Current Mhz: 2100, Mhz Limit: 2100
Processor Information for processor 7
  Max Mhz: 2100, Current Mhz: 2100, Mhz Limit: 2100
Processor Information for processor 8
  Max Mhz: 2100, Current Mhz: 1540, Mhz Limit: 2100
Processor Information for processor 9
  Max Mhz: 2100, Current Mhz: 2100, Mhz Limit: 2100
Processor Information for processor 10
  Max Mhz: 2100, Current Mhz: 2100, Mhz Limit: 2100
Processor Information for processor 11
  Max Mhz: 2100, Current Mhz: 2100, Mhz Limit: 2100
Processor Information for processor 12
  Max Mhz: 2100, Current Mhz: 2100, Mhz Limit: 2100
Processor Information for processor 13
  Max Mhz: 2100, Current Mhz: 2100, Mhz Limit: 2100
Processor Information for processor 14
  Max Mhz: 2100, Current Mhz: 1540, Mhz Limit: 2100
Processor Information for processor 15
  Max Mhz: 2100, Current Mhz: 2100, Mhz Limit: 2100

Memory: 4k page, system-wide physical 16098M (307M free)
TotalPageFile size 45621M (AvailPageFile size 1M)
current process WorkingSet (physical memory assigned to process): 289M, peak: 289M
current process commit charge ("private bytes"): 336M, peak: 421M

vm_info: Java HotSpot(TM) 64-Bit Server VM (21.0.5+9-LTS-239) for windows-amd64 JRE (21.0.5+9-LTS-239), built on 2024-09-30T05:17:38Z by "mach5one" with MS VC++ 17.6 (VS2022)

END.
